<?xml version="1.0" encoding="UTF-8"?>
<!-- Generated by org.testng.reporters.JUnitReportReporter -->
<testsuite skipped="0" hostname="EPKZKARW0269" name="tests.CloudTest" tests="4" failures="0" timestamp="2018-12-24T14:47:26 ALMT" time="20.128" errors="0">
  <testcase name="removeTheFolder" time="1.518" classname="tests.CloudTest"/>
  <testcase name="createFolder" time="8.458" classname="tests.CloudTest"/>
  <testcase name="loginTest" time="9.903" classname="tests.CloudTest"/>
  <testcase name="doubleClickTest" time="0.249" classname="tests.CloudTest"/>
</testsuite> <!-- tests.CloudTest -->
